<?xml version="1.0" encoding="UTF-8"?>
<testng-results ignored="0" total="2" passed="2" failed="0" skipped="0">
  <reporter-output>
  </reporter-output>
  <suite started-at="2022-09-25T08:45:40Z" name="Suite" finished-at="2022-09-25T08:46:24Z" duration-ms="44074">
    <groups>
    </groups>
    <test started-at="2022-09-25T08:45:40Z" name="Test" finished-at="2022-09-25T08:46:24Z" duration-ms="44074">
      <class name="testcases.LaunchChrome">
        <test-method signature="launchB()[pri:1, instance:testcases.LaunchChrome@3e11f9e9]" started-at="2022-09-25T08:45:40Z" name="launchB" finished-at="2022-09-25T08:46:23Z" duration-ms="43753" status="PASS">
          <reporter-output>
          </reporter-output>
        </test-method> <!-- launchB -->
        <test-method signature="quitB()[pri:2, instance:testcases.LaunchChrome@3e11f9e9]" started-at="2022-09-25T08:46:23Z" name="quitB" finished-at="2022-09-25T08:46:24Z" duration-ms="288" status="PASS">
          <reporter-output>
          </reporter-output>
        </test-method> <!-- quitB -->
      </class> <!-- testcases.LaunchChrome -->
    </test> <!-- Test -->
  </suite> <!-- Suite -->
</testng-results>
